Step 4: LAMMPS  0.6
   LAMMPS using the serial version.

   Step 4.1: Initialization
 
       Setup for a periodic (crystalline or fluid) system. The nonbonded
       interactions will be evaluated using a cutoff of 10.0 Å. Since there are
       no charges on the atoms, no long-range coulomb method will be used. The
       van der Waals terms will be shifted to zero energy at the cutoff
       distance. A long-range correction for the van der Waals terms will be
       added.
 
   Step 4.2: Velocities
       Set the velocities to give a temperature 130.0 K by using a random
       distribution. LAMMPS will remove translational but not rotational momentum.
       The random number generator will be initialized with the seed '634139715'.

 
   Step 4.3: NVT dynamics
       100.0 ps of canonical (NVT) dynamics at 130.0 K using a Nose-Hoover
       thermostat. The thermostat will use a chain of 3 thermostats with 1
       subcycles and a drag factor of 0.0.

 
       The run will be 25,000 steps of dynamics sampled every 25 steps.
 
       Analysis of trajectory_nvt_4_3.txt

               Property           Value       stderr  tau   ineff
          --------------------   ---------   ------- ------ ------
                             T =   131.230 ±   0.894  29.2    1.6
                             P =   255.214 ± 152.149  27.0    1.5
                          Etot =  -480.535 ±  41.166  44.1    1.9
                           Eke =   390.782 ±   2.661  29.2    1.6
                           Epe =  -909.681 ±  20.648  15.0    1.3
                         Epair =  -909.681 ±  20.648  15.0    1.3
   Step 4.4: NPT dynamics
       200.0 ps of canonical (NPT) dynamics at 130.0 K using a Nose-Hoover
       thermostat. The thermostat will use a chain of 3 thermostats with 1
       subcycles and a drag factor of 0.0.

 
       The run will be 50,000 steps of dynamics sampled every 25 steps.
 
       Analysis of trajectory_npt_4_4.txt

               Property           Value       stderr  tau   ineff
          --------------------   ---------   ------- ------ ------
                             T =   129.969 ±   0.272   6.1    1.1
                             P =    98.152 ±   5.560  47.7    2.0
                       density =     1.184 ±   0.005 433.4    9.7
                             a =    38.278 ±   0.057 431.2    9.6
                             b =    38.278 ±   0.057 431.2    9.6
                             c =    38.278 ±   0.057 431.2    9.6
                          Etot =  -724.747 ±   4.622 369.9    8.4
                           Eke =   387.025 ±   0.810   6.1    1.1
                           Epe = -1115.666 ±   4.905 508.1   11.2
                         Epair = -1115.666 ±   4.905 508.1   11.2
